Arguments: 
  D:\Code Store\Node\node.exe C:\Users\李子杰\AppData\Roaming\npm\node_modules\yarn\bin\yarn.js add @bable/core @babel/plugin-proposal-object-rest-spread @babel/plugin-syntax-dynamic-import @babel/preset-env @babel/preset-react babel-loader --save-dev

PATH: 
  C:\Program Files (x86)\Intel\Intel(R) Management Engine Components\iCLS\;C:\Program Files\Intel\Intel(R) Management Engine Components\iCLS\;C:\windows\system32;C:\windows;C:\windows\System32\Wbem;C:\windows\System32\WindowsPowerShell\v1.0\;C:\windows\System32\OpenSSH\;C:\Program Files (x86)\Intel\Intel(R) Management Engine Components\DAL;C:\Program Files\Intel\Intel(R) Management Engine Components\DAL;C:\Program Files (x86)\Intel\Intel(R) Management Engine Components\IPT;C:\Program Files\Intel\Intel(R) Management Engine Components\IPT;C:\Program Files (x86)\NVIDIA Corporation\PhysX\Common;C:\Program Files\NVIDIA Corporation\NVIDIA NvDLISR;C:\Program Files\Intel\WiFi\bin\;C:\Program Files\Common Files\Intel\WirelessCommon\;D:\Code Store\Github\cmd;D:\Code Store\Node\;C:\Users\李子杰\AppData\Local\Microsoft\WindowsApps;C:\Users\李子杰\AppData\Roaming\npm;D:\Code Store\VsCode\bin

Yarn version: 
  1.17.3

Node version: 
  10.14.1

Platform: 
  win32 x64

Trace: 
  Error: https://registry.yarnpkg.com/@bable%2fcore: Not found
      at Request.params.callback [as _callback] (C:\Users\李子杰\AppData\Roaming\npm\node_modules\yarn\lib\cli.js:66830:18)
      at Request.self.callback (C:\Users\李子杰\AppData\Roaming\npm\node_modules\yarn\lib\cli.js:140464:22)
      at Request.emit (events.js:182:13)
      at Request.<anonymous> (C:\Users\李子杰\AppData\Roaming\npm\node_modules\yarn\lib\cli.js:141436:10)
      at Request.emit (events.js:182:13)
      at IncomingMessage.<anonymous> (C:\Users\李子杰\AppData\Roaming\npm\node_modules\yarn\lib\cli.js:141358:12)
      at Object.onceWrapper (events.js:273:13)
      at IncomingMessage.emit (events.js:187:15)
      at endReadableNT (_stream_readable.js:1094:12)
      at process._tickCallback (internal/process/next_tick.js:63:19)

npm manifest: 
  {
    "name": "single-spa-demo",
    "version": "1.0.0",
    "main": "index.js",
    "license": "MIT",
    "dependencies": {
      "react": "^16.10.1",
      "react-dom": "^16.10.1",
      "single-spa": "^4.4.1",
      "single-spa-react": "^2.10.2",
      "single-spa-vue": "^1.5.4"
    }
  }

yarn manifest: 
  No manifest

Lockfile: 
  # THIS IS AN AUTOGENERATED FILE. DO NOT EDIT THIS FILE DIRECTLY.
  # yarn lockfile v1
  
  
  "js-tokens@^3.0.0 || ^4.0.0":
    version "4.0.0"
    resolved "https://registry.yarnpkg.com/js-tokens/-/js-tokens-4.0.0.tgz#19203fb59991df98e3a287050d4647cdeaf32499"
    integrity sha512-RdJUflcE3cUzKiMqQgsCu06FPu9UdIJO0beYbPhHN4k6apgJtifcoCtT9bcxOpYBtpD2kCM6Sbzg4CausW/PKQ==
  
  loose-envify@^1.1.0, loose-envify@^1.4.0:
    version "1.4.0"
    resolved "https://registry.yarnpkg.com/loose-envify/-/loose-envify-1.4.0.tgz#71ee51fa7be4caec1a63839f7e682d8132d30caf"
    integrity sha512-lyuxPGr/Wfhrlem2CL/UcnUc1zcqKAImBDzukY7Y5F/yQiNdko6+fRLevlw1HgMySw7f611UIY408EtxRSoK3Q==
    dependencies:
      js-tokens "^3.0.0 || ^4.0.0"
  
  object-assign@^4.1.1:
    version "4.1.1"
    resolved "https://registry.yarnpkg.com/object-assign/-/object-assign-4.1.1.tgz#2109adc7965887cfc05cbbd442cac8bfbb360863"
    integrity sha1-IQmtx5ZYh8/AXLvUQsrIv7s2CGM=
  
  prop-types@^15.6.2:
    version "15.7.2"
    resolved "https://registry.yarnpkg.com/prop-types/-/prop-types-15.7.2.tgz#52c41e75b8c87e72b9d9360e0206b99dcbffa6c5"
    integrity sha512-8QQikdH7//R2vurIJSutZ1smHYTcLpRWEOlHnzcWHmBYrOGUysKwSsrC89BCiFj3CbrfJ/nXFdJepOVrY1GCHQ==
    dependencies:
      loose-envify "^1.4.0"
      object-assign "^4.1.1"
      react-is "^16.8.1"
  
  react-dom@^16.10.1:
    version "16.10.1"
    resolved "https://registry.yarnpkg.com/react-dom/-/react-dom-16.10.1.tgz#479a6511ba34a429273c213cbc2a9ac4d296dac1"
    integrity sha512-SmM4ZW0uug0rn95U8uqr52I7UdNf6wdGLeXDmNLfg3y5q5H9eAbdjF5ubQc3bjDyRrvdAB2IKG7X0GzSpnn5Mg==
    dependencies:
      loose-envify "^1.1.0"
      object-assign "^4.1.1"
      prop-types "^15.6.2"
      scheduler "^0.16.1"
  
  react-is@^16.8.1:
    version "16.10.1"
    resolved "https://registry.yarnpkg.com/react-is/-/react-is-16.10.1.tgz#0612786bf19df406502d935494f0450b40b8294f"
    integrity sha512-BXUMf9sIOPXXZWqr7+c5SeOKJykyVr2u0UDzEf4LNGc6taGkQe1A9DFD07umCIXz45RLr9oAAwZbAJ0Pkknfaw==
  
  react@^16.10.1:
    version "16.10.1"
    resolved "https://registry.yarnpkg.com/react/-/react-16.10.1.tgz#967c1e71a2767dfa699e6ba702a00483e3b0573f"
    integrity sha512-2bisHwMhxQ3XQz4LiJJwG3360pY965pTl/MRrZYxIBKVj4fOHoDs5aZAkYXGxDRO1Li+SyjTAilQEbOmtQJHzA==
    dependencies:
      loose-envify "^1.1.0"
      object-assign "^4.1.1"
      prop-types "^15.6.2"
  
  scheduler@^0.16.1:
    version "0.16.1"
    resolved "https://registry.yarnpkg.com/scheduler/-/scheduler-0.16.1.tgz#a6fb6ddec12dc2119176e6eb54ecfe69a9eba8df"
    integrity sha512-MIuie7SgsqMYOdCXVFZa8SKoNorJZUWHW8dPgto7uEHn1lX3fg2Gu0TzgK8USj76uxV7vB5eRMnZs/cdEHg+cg==
    dependencies:
      loose-envify "^1.1.0"
      object-assign "^4.1.1"
  
  single-spa-react@^2.10.2:
    version "2.10.2"
    resolved "https://registry.yarnpkg.com/single-spa-react/-/single-spa-react-2.10.2.tgz#5033d454a9299170e5cc086b07f319862ee459c7"
    integrity sha512-8zOQJRDdZ5Uo7K2RutBiapKuNvlP9Sw3qeQYN1nhSvouc4M/NpIWA1VIsDkv4JUka7zG0eRd5CEbDYN6zz6lYA==
  
  single-spa-vue@^1.5.4:
    version "1.5.4"
    resolved "https://registry.yarnpkg.com/single-spa-vue/-/single-spa-vue-1.5.4.tgz#28290b8992a0e9868edf4d28e4ad997822039576"
    integrity sha512-V88oZ941b+I1ZXoW77B7YyOvbuB3BvooxySFe05TkB6vUxnP3bcHo/klkyuUojmgi+1NaDeVhfQUoFU29CWGKw==
  
  single-spa@^4.4.1:
    version "4.4.1"
    resolved "https://registry.yarnpkg.com/single-spa/-/single-spa-4.4.1.tgz#660a0e5f93f7e7d06fc40e2b126b81102f0741af"
    integrity sha512-em6ZGRbLUilaiPrR+XKHT4/qjX07ijbO75PLtN6/d3DykDVioqK8bE1W+KTOJpRf0vDoq3lV+oP9TVz/fvP/YA==
